<?xml version="1.0" encoding="UTF-8"?>
<testsuite name="BDRepoTest" tests="1" skipped="0" failures="0" errors="0" timestamp="2021-04-01T10:45:45" hostname="DESKTOP-4STH0DB" time="2.758">
  <properties/>
  <testcase name="testBD" classname="BDRepoTest" time="2.758"/>
  <system-out><![CDATA[01 Apr 2021 13:45:46,613 INFO  repository.ExcursionDBRepository 28 <init> - Initializing ExcursionDBRepository with properties: {jdbc.url=jdbc:sqlite:C:\Users\asus\Databases\tourism_testing.db} 
01 Apr 2021 13:45:46,631 INFO  repository.UserDBRepository 24 <init> - Initializing UserDBRepository with properties: {jdbc.url=jdbc:sqlite:C:\Users\asus\Databases\tourism_testing.db} 
01 Apr 2021 13:45:46,658 INFO  repository.ReservationDBRepository 24 <init> - Initializing ReservationDBRepository with properties: {jdbc.url=jdbc:sqlite:C:\Users\asus\Databases\tourism_testing.db} 
01 Apr 2021 13:45:46,662 TRACE repository.JdbcUtils 47 getConnection - Enter
01 Apr 2021 13:45:46,662 TRACE repository.JdbcUtils 24 getNewConnection - Enter
01 Apr 2021 13:45:46,663 INFO  repository.JdbcUtils 29 getNewConnection - trying to connect to database ... jdbc:sqlite:C:\Users\asus\Databases\tourism_testing.db
01 Apr 2021 13:45:46,664 INFO  repository.JdbcUtils 30 getNewConnection - user: null
01 Apr 2021 13:45:46,665 INFO  repository.JdbcUtils 31 getNewConnection - pass: null
01 Apr 2021 13:45:46,864 TRACE repository.JdbcUtils 56 getConnection - Exit with(org.sqlite.jdbc4.JDBC4Connection@58e90ee4)
01 Apr 2021 13:45:47,047 TRACE repository.JdbcUtils 47 getConnection - Enter
01 Apr 2021 13:45:47,048 TRACE repository.JdbcUtils 24 getNewConnection - Enter
01 Apr 2021 13:45:47,050 INFO  repository.JdbcUtils 29 getNewConnection - trying to connect to database ... jdbc:sqlite:C:\Users\asus\Databases\tourism_testing.db
01 Apr 2021 13:45:47,050 INFO  repository.JdbcUtils 30 getNewConnection - user: null
01 Apr 2021 13:45:47,051 INFO  repository.JdbcUtils 31 getNewConnection - pass: null
01 Apr 2021 13:45:47,052 TRACE repository.JdbcUtils 56 getConnection - Exit with(org.sqlite.jdbc4.JDBC4Connection@3a4ee26f)
01 Apr 2021 13:45:47,163 TRACE repository.JdbcUtils 47 getConnection - Enter
01 Apr 2021 13:45:47,164 TRACE repository.JdbcUtils 24 getNewConnection - Enter
01 Apr 2021 13:45:47,165 INFO  repository.JdbcUtils 29 getNewConnection - trying to connect to database ... jdbc:sqlite:C:\Users\asus\Databases\tourism_testing.db
01 Apr 2021 13:45:47,166 INFO  repository.JdbcUtils 30 getNewConnection - user: null
01 Apr 2021 13:45:47,167 INFO  repository.JdbcUtils 31 getNewConnection - pass: null
01 Apr 2021 13:45:47,168 TRACE repository.JdbcUtils 56 getConnection - Exit with(org.sqlite.jdbc4.JDBC4Connection@4a37f84f)
01 Apr 2021 13:45:47,274 TRACE repository.UserDBRepository 100 save - Enter Saving user User{username='Ion', password='1234'}
01 Apr 2021 13:45:47,275 TRACE repository.JdbcUtils 47 getConnection - Enter
01 Apr 2021 13:45:47,276 TRACE repository.JdbcUtils 24 getNewConnection - Enter
01 Apr 2021 13:45:47,276 INFO  repository.JdbcUtils 29 getNewConnection - trying to connect to database ... jdbc:sqlite:C:\Users\asus\Databases\tourism_testing.db
01 Apr 2021 13:45:47,277 INFO  repository.JdbcUtils 30 getNewConnection - user: null
01 Apr 2021 13:45:47,278 INFO  repository.JdbcUtils 31 getNewConnection - pass: null
01 Apr 2021 13:45:47,279 TRACE repository.JdbcUtils 56 getConnection - Exit with(org.sqlite.jdbc4.JDBC4Connection@22223dab)
01 Apr 2021 13:45:47,452 TRACE repository.UserDBRepository 113 save - Saved 1 instances
01 Apr 2021 13:45:47,452 TRACE repository.UserDBRepository 75 findAll - Enter
01 Apr 2021 13:45:47,454 TRACE repository.JdbcUtils 47 getConnection - Enter
01 Apr 2021 13:45:47,455 TRACE repository.JdbcUtils 56 getConnection - Exit with(org.sqlite.jdbc4.JDBC4Connection@22223dab)
01 Apr 2021 13:45:47,456 TRACE repository.UserDBRepository 93 findAll - Exit with([User{username='Ion', password='1234'}])
01 Apr 2021 13:45:47,457 TRACE repository.UserDBRepository 52 findOne - Enter
01 Apr 2021 13:45:47,458 TRACE repository.JdbcUtils 47 getConnection - Enter
01 Apr 2021 13:45:47,458 TRACE repository.JdbcUtils 56 getConnection - Exit with(org.sqlite.jdbc4.JDBC4Connection@22223dab)
01 Apr 2021 13:45:47,461 TRACE repository.UserDBRepository 61 findOne - Exit with(User{username='Ion', password='1234'})
01 Apr 2021 13:45:47,461 TRACE repository.UserDBRepository 140 update - Enter update user User{username='Mihai', password='1234'}
01 Apr 2021 13:45:47,475 TRACE repository.JdbcUtils 47 getConnection - Enter
01 Apr 2021 13:45:47,477 TRACE repository.JdbcUtils 56 getConnection - Exit with(org.sqlite.jdbc4.JDBC4Connection@22223dab)
01 Apr 2021 13:45:47,622 TRACE repository.UserDBRepository 155 update - Updated 1 instances
01 Apr 2021 13:45:47,623 TRACE repository.UserDBRepository 160 update - Exit
01 Apr 2021 13:45:47,624 TRACE repository.UserDBRepository 52 findOne - Enter
01 Apr 2021 13:45:47,625 TRACE repository.JdbcUtils 47 getConnection - Enter
01 Apr 2021 13:45:47,625 TRACE repository.JdbcUtils 56 getConnection - Exit with(org.sqlite.jdbc4.JDBC4Connection@22223dab)
01 Apr 2021 13:45:47,626 TRACE repository.UserDBRepository 61 findOne - Exit with(User{username='Mihai', password='1234'})
01 Apr 2021 13:45:47,627 TRACE repository.UserDBRepository 124 delete - Enter
01 Apr 2021 13:45:47,628 TRACE repository.JdbcUtils 47 getConnection - Enter
01 Apr 2021 13:45:47,629 TRACE repository.JdbcUtils 56 getConnection - Exit with(org.sqlite.jdbc4.JDBC4Connection@22223dab)
01 Apr 2021 13:45:47,759 TRACE repository.UserDBRepository 129 delete - Deleted 1 instances
01 Apr 2021 13:45:47,760 TRACE repository.UserDBRepository 134 delete - Exit
01 Apr 2021 13:45:47,761 TRACE repository.UserDBRepository 75 findAll - Enter
01 Apr 2021 13:45:47,761 TRACE repository.JdbcUtils 47 getConnection - Enter
01 Apr 2021 13:45:47,762 TRACE repository.JdbcUtils 56 getConnection - Exit with(org.sqlite.jdbc4.JDBC4Connection@22223dab)
01 Apr 2021 13:45:47,762 TRACE repository.UserDBRepository 93 findAll - Exit with([])
01 Apr 2021 13:45:47,772 TRACE repository.ExcursionDBRepository 119 save - Enter Saving excursion Excursion{objective='muzeu', company='Tarom', price=25.0, time=20:30, seats=50}
01 Apr 2021 13:45:47,773 TRACE repository.JdbcUtils 47 getConnection - Enter
01 Apr 2021 13:45:47,773 TRACE repository.JdbcUtils 24 getNewConnection - Enter
01 Apr 2021 13:45:47,774 INFO  repository.JdbcUtils 29 getNewConnection - trying to connect to database ... jdbc:sqlite:C:\Users\asus\Databases\tourism_testing.db
01 Apr 2021 13:45:47,774 INFO  repository.JdbcUtils 30 getNewConnection - user: null
01 Apr 2021 13:45:47,775 INFO  repository.JdbcUtils 31 getNewConnection - pass: null
01 Apr 2021 13:45:47,777 TRACE repository.JdbcUtils 56 getConnection - Exit with(org.sqlite.jdbc4.JDBC4Connection@36e961ce)
01 Apr 2021 13:45:47,933 TRACE repository.ExcursionDBRepository 135 save - Saved 1 instances
01 Apr 2021 13:45:47,934 TRACE repository.ExcursionDBRepository 140 save - Exit
01 Apr 2021 13:45:47,935 TRACE repository.ExcursionDBRepository 92 findAll - Enter
01 Apr 2021 13:45:47,936 TRACE repository.JdbcUtils 47 getConnection - Enter
01 Apr 2021 13:45:47,936 TRACE repository.JdbcUtils 56 getConnection - Exit with(org.sqlite.jdbc4.JDBC4Connection@36e961ce)
01 Apr 2021 13:45:47,963 TRACE repository.ExcursionDBRepository 113 findAll - Exit with([Excursion{objective='muzeu', company='Tarom', price=25.0, time=20:30, seats=50}])
01 Apr 2021 13:45:47,964 TRACE repository.ExcursionDBRepository 35 filterByObjective - Enter
01 Apr 2021 13:45:47,965 TRACE repository.JdbcUtils 47 getConnection - Enter
01 Apr 2021 13:45:47,966 TRACE repository.JdbcUtils 56 getConnection - Exit with(org.sqlite.jdbc4.JDBC4Connection@36e961ce)
01 Apr 2021 13:45:47,967 TRACE repository.ExcursionDBRepository 65 findOne - Enter
01 Apr 2021 13:45:47,967 TRACE repository.JdbcUtils 47 getConnection - Enter
01 Apr 2021 13:45:47,968 TRACE repository.JdbcUtils 56 getConnection - Exit with(org.sqlite.jdbc4.JDBC4Connection@36e961ce)
01 Apr 2021 13:45:47,969 TRACE repository.ExcursionDBRepository 77 findOne - Exit with(Excursion{objective='muzeu', company='Tarom', price=25.0, time=20:30, seats=50})
01 Apr 2021 13:45:47,970 TRACE repository.ExcursionDBRepository 160 update - Enter update excursion Excursion{objective='opera', company='Tarom', price=25.0, time=20:30, seats=50}
01 Apr 2021 13:45:47,971 TRACE repository.JdbcUtils 47 getConnection - Enter
01 Apr 2021 13:45:47,971 TRACE repository.JdbcUtils 56 getConnection - Exit with(org.sqlite.jdbc4.JDBC4Connection@36e961ce)
01 Apr 2021 13:45:48,063 TRACE repository.ExcursionDBRepository 178 update - Updated 1 instances
01 Apr 2021 13:45:48,064 TRACE repository.ExcursionDBRepository 183 update - Exit
01 Apr 2021 13:45:48,065 TRACE repository.ExcursionDBRepository 65 findOne - Enter
01 Apr 2021 13:45:48,066 TRACE repository.JdbcUtils 47 getConnection - Enter
01 Apr 2021 13:45:48,066 TRACE repository.JdbcUtils 56 getConnection - Exit with(org.sqlite.jdbc4.JDBC4Connection@36e961ce)
01 Apr 2021 13:45:48,067 TRACE repository.ExcursionDBRepository 77 findOne - Exit with(Excursion{objective='opera', company='Tarom', price=25.0, time=20:30, seats=50})
01 Apr 2021 13:45:48,068 TRACE repository.ExcursionDBRepository 35 filterByObjective - Enter
01 Apr 2021 13:45:48,069 TRACE repository.JdbcUtils 47 getConnection - Enter
01 Apr 2021 13:45:48,070 TRACE repository.JdbcUtils 56 getConnection - Exit with(org.sqlite.jdbc4.JDBC4Connection@36e961ce)
01 Apr 2021 13:45:48,074 TRACE repository.ReservationDBRepository 82 save - Enter Saving reservation Reservation{name='John', phoneNumber=123456789, ticketsNumber=2, excursionID=1}
01 Apr 2021 13:45:48,074 TRACE repository.JdbcUtils 47 getConnection - Enter
01 Apr 2021 13:45:48,075 TRACE repository.JdbcUtils 24 getNewConnection - Enter
01 Apr 2021 13:45:48,075 INFO  repository.JdbcUtils 29 getNewConnection - trying to connect to database ... jdbc:sqlite:C:\Users\asus\Databases\tourism_testing.db
01 Apr 2021 13:45:48,076 INFO  repository.JdbcUtils 30 getNewConnection - user: null
01 Apr 2021 13:45:48,077 INFO  repository.JdbcUtils 31 getNewConnection - pass: null
01 Apr 2021 13:45:48,078 TRACE repository.JdbcUtils 56 getConnection - Exit with(org.sqlite.jdbc4.JDBC4Connection@3b14e0e4)
01 Apr 2021 13:45:48,167 TRACE repository.ReservationDBRepository 96 save - Saved 1 instances
01 Apr 2021 13:45:48,168 TRACE repository.ReservationDBRepository 100 save - Exit
01 Apr 2021 13:45:48,169 TRACE repository.ReservationDBRepository 56 findAll - Enter
01 Apr 2021 13:45:48,170 TRACE repository.JdbcUtils 47 getConnection - Enter
01 Apr 2021 13:45:48,170 TRACE repository.JdbcUtils 56 getConnection - Exit with(org.sqlite.jdbc4.JDBC4Connection@3b14e0e4)
01 Apr 2021 13:45:48,171 TRACE repository.ReservationDBRepository 76 findAll - Exit with([Reservation{name='John', phoneNumber=123456789, ticketsNumber=2, excursionID=1}])
01 Apr 2021 13:45:48,172 TRACE repository.ReservationDBRepository 31 findOne - Enter
01 Apr 2021 13:45:48,172 TRACE repository.JdbcUtils 47 getConnection - Enter
01 Apr 2021 13:45:48,173 TRACE repository.JdbcUtils 56 getConnection - Exit with(org.sqlite.jdbc4.JDBC4Connection@3b14e0e4)
01 Apr 2021 13:45:48,174 TRACE repository.ReservationDBRepository 42 findOne - Exit with(Reservation{name='John', phoneNumber=123456789, ticketsNumber=2, excursionID=1})
01 Apr 2021 13:45:48,175 TRACE repository.ReservationDBRepository 121 update - Enter update reservation Reservation{name='Sam', phoneNumber=123456789, ticketsNumber=2, excursionID=1}
01 Apr 2021 13:45:48,176 TRACE repository.JdbcUtils 47 getConnection - Enter
01 Apr 2021 13:45:48,177 TRACE repository.JdbcUtils 56 getConnection - Exit with(org.sqlite.jdbc4.JDBC4Connection@3b14e0e4)
01 Apr 2021 13:45:48,267 TRACE repository.ReservationDBRepository 137 update - Updated 1 instances
01 Apr 2021 13:45:48,268 TRACE repository.ReservationDBRepository 141 update - Exit
01 Apr 2021 13:45:48,269 TRACE repository.ReservationDBRepository 31 findOne - Enter
01 Apr 2021 13:45:48,269 TRACE repository.JdbcUtils 47 getConnection - Enter
01 Apr 2021 13:45:48,270 TRACE repository.JdbcUtils 56 getConnection - Exit with(org.sqlite.jdbc4.JDBC4Connection@3b14e0e4)
01 Apr 2021 13:45:48,271 TRACE repository.ReservationDBRepository 42 findOne - Exit with(Reservation{name='Sam', phoneNumber=123456789, ticketsNumber=2, excursionID=1})
01 Apr 2021 13:45:48,272 TRACE repository.ReservationDBRepository 106 delete - Enter
01 Apr 2021 13:45:48,272 TRACE repository.JdbcUtils 47 getConnection - Enter
01 Apr 2021 13:45:48,273 TRACE repository.JdbcUtils 56 getConnection - Exit with(org.sqlite.jdbc4.JDBC4Connection@3b14e0e4)
01 Apr 2021 13:45:48,356 TRACE repository.ReservationDBRepository 111 delete - Deleted 1 instances
01 Apr 2021 13:45:48,356 TRACE repository.ReservationDBRepository 116 delete - Exit
01 Apr 2021 13:45:48,357 TRACE repository.ReservationDBRepository 56 findAll - Enter
01 Apr 2021 13:45:48,358 TRACE repository.JdbcUtils 47 getConnection - Enter
01 Apr 2021 13:45:48,358 TRACE repository.JdbcUtils 56 getConnection - Exit with(org.sqlite.jdbc4.JDBC4Connection@3b14e0e4)
01 Apr 2021 13:45:48,360 TRACE repository.ReservationDBRepository 76 findAll - Exit with([])
01 Apr 2021 13:45:48,361 TRACE repository.ExcursionDBRepository 145 delete - Enter Deleting excursion with id 1
01 Apr 2021 13:45:48,361 TRACE repository.JdbcUtils 47 getConnection - Enter
01 Apr 2021 13:45:48,362 TRACE repository.JdbcUtils 56 getConnection - Exit with(org.sqlite.jdbc4.JDBC4Connection@36e961ce)
01 Apr 2021 13:45:48,473 TRACE repository.ExcursionDBRepository 150 delete - Deleted 1 instances
01 Apr 2021 13:45:48,474 TRACE repository.ExcursionDBRepository 155 delete - Exit
01 Apr 2021 13:45:48,475 TRACE repository.ExcursionDBRepository 92 findAll - Enter
01 Apr 2021 13:45:48,476 TRACE repository.JdbcUtils 47 getConnection - Enter
01 Apr 2021 13:45:48,476 TRACE repository.JdbcUtils 56 getConnection - Exit with(org.sqlite.jdbc4.JDBC4Connection@36e961ce)
01 Apr 2021 13:45:48,477 TRACE repository.ExcursionDBRepository 113 findAll - Exit with([])
]]></system-out>
  <system-err><![CDATA[]]></system-err>
</testsuite>
